"../../../Engine/Content/EditorResources/S_Actor.uexp" 0
"../../../Engine/Content/EditorResources/S_Actor.ubulk" 1
"../../../Engine/Content/EditorResources/S_Actor.uasset" 2
"../../../Engine/Content/EditorResources/S_BoxReflectionCapture.uasset" 3
"../../../Engine/Content/EditorResources/S_BoxReflectionCapture.uexp" 4
"../../../Engine/Content/EngineResources/DefaultTextureCube.uasset" 5
"../../../Engine/Content/EngineResources/DefaultTextureCube.uexp" 6
"../../../Engine/Content/EngineResources/DefaultVolumeTexture2D.uexp" 7
"../../../Engine/Content/EngineResources/DefaultVolumeTexture2D.uasset" 8
"../../../Engine/Content/EngineResources/DefaultVolumeTexture.uexp" 9
"../../../Engine/Content/EngineResources/DefaultVolumeTexture.uasset" 10
"../../../Engine/Content/EditorResources/S_Trigger.uexp" 11
"../../../Engine/Content/EditorResources/S_Trigger.ubulk" 12
"../../../Engine/Content/EditorResources/S_Trigger.uasset" 13
"../../../Engine/Content/EditorResources/S_TriggerBox.uexp" 14
"../../../Engine/Content/EditorResources/S_TriggerBox.uasset" 15
"../../../Engine/Content/EditorResources/S_TriggerCapsule.uexp" 16
"../../../Engine/Content/EditorResources/S_TriggerCapsule.uasset" 17
"../../../Engine/Content/EditorResources/S_TriggerSphere.uasset" 18
"../../../Engine/Content/EditorResources/S_TriggerSphere.uexp" 19
"../../../Engine/Content/EngineMeshes/Sphere.uexp" 20
"../../../Engine/Content/EngineMeshes/Sphere.uasset" 21
"../../../Engine/Content/EngineResources/GradientTexture0.uexp" 22
"../../../Engine/Content/EngineResources/GradientTexture0.uasset" 23
"../../../Engine/Content/EngineResources/Black.uasset" 24
"../../../Engine/Content/EngineResources/Black.uexp" 25
"../../../Engine/Content/EditorResources/S_Solver.uasset" 26
"../../../Engine/Content/EditorResources/S_Solver.uexp" 27
"../../../Engine/Content/EditorResources/S_Solver.ubulk" 28
"../../../Engine/Content/EditorMaterials/Camera/CineMat.uasset" 29
"../../../Engine/Content/EditorMaterials/Camera/CineMat.uexp" 30
"../../../Engine/Content/EditorMaterials/Camera/MI_CineMat_Rig.uasset" 31
"../../../Engine/Content/EditorMaterials/Camera/MI_CineMat_Rig.uexp" 32
"../../../Engine/Content/EditorMeshes/Camera/SM_CraneRig_Base.uexp" 33
"../../../Engine/Content/EditorMeshes/Camera/SM_CraneRig_Base.uasset" 34
"../../../Engine/Content/EditorMeshes/Camera/SM_CraneRig_Arm.uexp" 35
"../../../Engine/Content/EditorMeshes/Camera/SM_CraneRig_Arm.uasset" 36
"../../../Engine/Content/EditorMeshes/Camera/SM_CraneRig_Mount.uexp" 37
"../../../Engine/Content/EditorMeshes/Camera/SM_CraneRig_Mount.uasset" 38
"../../../Engine/Content/EditorMeshes/Camera/SM_CraneRig_Body.uasset" 39
"../../../Engine/Content/EditorMeshes/Camera/SM_CraneRig_Body.uexp" 40
"../../../Engine/Content/EditorMeshes/Camera/SM_RailRig_Track.uexp" 41
"../../../Engine/Content/EditorMeshes/Camera/SM_RailRig_Track.uasset" 42
"../../../Engine/Content/EditorMeshes/Camera/SM_RailRig_Mount.uexp" 43
"../../../Engine/Content/EditorMeshes/Camera/SM_RailRig_Mount.uasset" 44
"../../../Engine/Content/EngineMaterials/T_Default_Material_Grid_M.uasset" 45
"../../../Engine/Content/EngineMaterials/T_Default_Material_Grid_M.ubulk" 46
"../../../Engine/Content/EngineMaterials/T_Default_Material_Grid_M.uexp" 47
"../../../Engine/Content/EngineMaterials/T_Default_Material_Grid_N.uasset" 48
"../../../Engine/Content/EngineMaterials/T_Default_Material_Grid_N.uexp" 49
"../../../Engine/Content/EngineMaterials/T_Default_Material_Grid_N.ubulk" 50
"../../../Engine/Content/Functions/Engine_MaterialFunctions01/Opacity/CameraDepthFade.uexp" 51
"../../../Engine/Content/Functions/Engine_MaterialFunctions01/Opacity/CameraDepthFade.uasset" 52
"../../../Engine/Content/EngineMaterials/WorldGridMaterial.uexp" 53
"../../../Engine/Content/EngineMaterials/WorldGridMaterial.uasset" 54
"../../../Engine/Content/ArtTools/RenderToTexture/Meshes/S_1_Unit_Plane.uexp" 55
"../../../Engine/Content/ArtTools/RenderToTexture/Meshes/S_1_Unit_Plane.uasset" 56
"../../../Engine/Content/VREditor/LaserPointer/VR_LaserPower_01.uexp" 57
"../../../Engine/Content/VREditor/LaserPointer/VR_LaserPower_01.ubulk" 58
"../../../Engine/Content/VREditor/LaserPointer/VR_LaserPower_01.uasset" 59
"../../../Engine/Content/VREditor/TransformGizmo/TransformGizmoMaterial.uasset" 60
"../../../Engine/Content/VREditor/TransformGizmo/TransformGizmoMaterial.uexp" 61
"../../../Engine/Content/VREditor/TransformGizmo/TranslucentTransformGizmoMaterial.uasset" 62
"../../../Engine/Content/VREditor/TransformGizmo/TranslucentTransformGizmoMaterial.uexp" 63
"../../../Engine/Content/VREditor/TransformGizmo/BoundingBoxCorner.uasset" 64
"../../../Engine/Content/VREditor/TransformGizmo/BoundingBoxCorner.uexp" 65
"../../../Engine/Content/VREditor/TransformGizmo/BoundingBoxEdge.uexp" 66
"../../../Engine/Content/VREditor/TransformGizmo/BoundingBoxEdge.uasset" 67
"../../../Engine/Content/VREditor/TransformGizmo/Main.uasset" 68
"../../../Engine/Content/VREditor/TransformGizmo/Main.uexp" 69
"../../../Engine/Content/VREditor/TransformGizmo/Xray.uexp" 70
"../../../Engine/Content/VREditor/TransformGizmo/Xray.uasset" 71
"../../../Engine/Content/VREditor/TransformGizmo/SM_Sequencer_Node.uexp" 72
"../../../Engine/Content/VREditor/TransformGizmo/SM_Sequencer_Node.uasset" 73
"../../../Engine/Content/EditorMaterials/ParticleSystems/PSysThumbnail_NoImage.ubulk" 74
"../../../Engine/Content/EditorMaterials/ParticleSystems/PSysThumbnail_NoImage.uexp" 75
"../../../Engine/Content/EditorMaterials/ParticleSystems/PSysThumbnail_NoImage.uasset" 76
"../../../Engine/Content/EditorMaterials/ParticleSystems/PSysThumbnail_OOD.ubulk" 77
"../../../Engine/Content/EditorMaterials/ParticleSystems/PSysThumbnail_OOD.uexp" 78
"../../../Engine/Content/EditorMaterials/ParticleSystems/PSysThumbnail_OOD.uasset" 79
"../../../Engine/Content/EditorLandscapeResources/SplineEditorMeshMat.uasset" 80
"../../../Engine/Content/EditorLandscapeResources/SplineEditorMeshMat.uexp" 81
"../../../Engine/Content/EditorLandscapeResources/SplineEditorMesh.uasset" 82
"../../../Engine/Content/EditorLandscapeResources/SplineEditorMesh.uexp" 83
"../../../Engine/Content/EditorLandscapeResources/DefaultAlphaTexture.uexp" 84
"../../../Engine/Content/EditorLandscapeResources/DefaultAlphaTexture.uasset" 85
"../../../Engine/Content/EditorResources/S_Terrain.uasset" 86
"../../../Engine/Content/EditorResources/S_Terrain.uexp" 87
"../../../Engine/Content/EditorResources/S_Terrain.ubulk" 88
"../../../Engine/Plugins/Media/MediaPlate/Content/SM_MediaPlateScreen.uasset" 89
"../../../Engine/Plugins/Media/MediaPlate/Content/SM_MediaPlateScreen.uexp" 90
"../../../Engine/Content/EngineMaterials/DefaultBokeh.uexp" 91
"../../../Engine/Content/EngineMaterials/DefaultBokeh.uasset" 92
"../../../Engine/Content/EngineMaterials/MiniFont.uexp" 93
"../../../Engine/Content/EngineMaterials/MiniFont.uasset" 94
"../../../Engine/Content/EngineMaterials/WeightMapPlaceholderTexture.uasset" 95
"../../../Engine/Content/EngineMaterials/WeightMapPlaceholderTexture.uexp" 96
"../../../Engine/Content/EngineMaterials/WeightMapArrayPlaceholderTexture.uasset" 97
"../../../Engine/Content/EngineMaterials/WeightMapArrayPlaceholderTexture.uexp" 98
"../../../Engine/Content/EngineMaterials/DefaultWhiteGrid.ubulk" 99
"../../../Engine/Content/EngineMaterials/DefaultWhiteGrid.uexp" 100
"../../../Engine/Content/EngineMaterials/DefaultWhiteGrid.uasset" 101
"../../../Engine/Content/EngineMaterials/PreintegratedSkinBRDF.uexp" 102
"../../../Engine/Content/EngineMaterials/PreintegratedSkinBRDF.uasset" 103
"../../../Engine/Plugins/Runtime/AR/ARUtilities/Content/Materials/DummyExternalTexture.uexp" 104
"../../../Engine/Plugins/Runtime/AR/ARUtilities/Content/Materials/DummyExternalTexture.uasset" 105
"../../../Engine/Content/EngineResources/DefaultTexture.uasset" 106
"../../../Engine/Content/EngineResources/DefaultTexture.uexp" 107
"../../../Engine/Content/EngineResources/DefaultTexture.ubulk" 108
"../../../Engine/Plugins/Runtime/AR/AppleAR/AppleARKit/Content/M_OcclusionOverlay.uexp" 109
"../../../Engine/Plugins/Runtime/AR/AppleAR/AppleARKit/Content/M_OcclusionOverlay.uasset" 110
"../../../Engine/Plugins/Runtime/AR/AppleAR/AppleARKit/Content/MI_MatteOcclusionOverlay.uexp" 111
"../../../Engine/Plugins/Runtime/AR/AppleAR/AppleARKit/Content/MI_MatteOcclusionOverlay.uasset" 112
"../../../Engine/Plugins/Runtime/AR/AppleAR/AppleARKit/Content/MI_DepthOcclusionOverlay.uasset" 113
"../../../Engine/Plugins/Runtime/AR/AppleAR/AppleARKit/Content/MI_DepthOcclusionOverlay.uexp" 114
"../../../Engine/Plugins/Runtime/AR/AppleAR/AppleARKit/Content/M_SceneDepthOcclusion.uasset" 115
"../../../Engine/Plugins/Runtime/AR/AppleAR/AppleARKit/Content/M_SceneDepthOcclusion.uexp" 116
"../../../Engine/Content/Functions/Engine_MaterialFunctions02/WorldPositionOffset/CameraOffset.uexp" 117
"../../../Engine/Content/Functions/Engine_MaterialFunctions02/WorldPositionOffset/CameraOffset.uasset" 118
"../../../Engine/Plugins/Animation/ControlRig/Content/M_Manip.uasset" 119
"../../../Engine/Plugins/Animation/ControlRig/Content/M_Manip.uexp" 120
"../../../Engine/Plugins/Animation/ACLPlugin/Content/ACLAnimBoneCompressionSettings.uexp" 121
"../../../Engine/Plugins/Animation/ACLPlugin/Content/ACLAnimBoneCompressionSettings.uasset" 122
"../../../Engine/Plugins/Animation/ACLPlugin/Content/ACLAnimCurveCompressionSettings.uasset" 123
"../../../Engine/Plugins/Animation/ACLPlugin/Content/ACLAnimCurveCompressionSettings.uexp" 124
"../../../Engine/Plugins/2D/Paper2D/Content/PlaceholderTextures/DummySpriteTexture.ubulk" 125
"../../../Engine/Plugins/2D/Paper2D/Content/PlaceholderTextures/DummySpriteTexture.uexp" 126
"../../../Engine/Plugins/2D/Paper2D/Content/PlaceholderTextures/DummySpriteTexture.uasset" 127
"../../../Engine/Plugins/2D/Paper2D/Content/DefaultSpriteMaterial.uexp" 128
"../../../Engine/Plugins/2D/Paper2D/Content/DefaultSpriteMaterial.uasset" 129
"../../../Engine/Plugins/2D/Paper2D/Content/MaskedUnlitSpriteMaterial.uexp" 130
"../../../Engine/Plugins/2D/Paper2D/Content/MaskedUnlitSpriteMaterial.uasset" 131
"../../../Engine/Plugins/2D/Paper2D/Content/DummySprite.uasset" 132
"../../../Engine/Plugins/2D/Paper2D/Content/DummySprite.uexp" 133
"../../../Engine/Plugins/2D/Paper2D/Content/DefaultPaperTerrainMaterial.uexp" 134
"../../../Engine/Plugins/2D/Paper2D/Content/DefaultPaperTerrainMaterial.uasset" 135
"../../../Engine/Plugins/2D/Paper2D/Content/OpaqueUnlitSpriteMaterial.uasset" 136
"../../../Engine/Plugins/2D/Paper2D/Content/OpaqueUnlitSpriteMaterial.uexp" 137
"../../../Engine/Content/EditorResources/BSPVertex.uexp" 138
"../../../Engine/Content/EditorResources/BSPVertex.uasset" 139
"../../../Engine/Content/EditorResources/EmptyActor.uexp" 140
"../../../Engine/Content/EditorResources/EmptyActor.uasset" 141
"../../../Engine/Content/EditorMaterials/PhAT_UnselectedMaterial.uexp" 142
"../../../Engine/Content/EditorMaterials/PhAT_UnselectedMaterial.uasset" 143
"../../../Engine/Content/EditorMaterials/PhAT_NoCollisionMaterial.uexp" 144
"../../../Engine/Content/EditorMaterials/PhAT_NoCollisionMaterial.uasset" 145
"../../../Engine/Content/EditorMaterials/PreviewShadowIndicator.uasset" 146
"../../../Engine/Content/EditorMaterials/PreviewShadowIndicator.uexp" 147
"../../../Engine/Content/EditorMaterials/PreviewShadowIndicator.ubulk" 148
"../../../Engine/Content/EditorMaterials/PreviewShadowIndicatorMaterial.uasset" 149
"../../../Engine/Content/EditorMaterials/PreviewShadowIndicatorMaterial.uexp" 150
"../../../Engine/Content/EditorLandscapeResources/DataLayer.uasset" 151
"../../../Engine/Content/EditorLandscapeResources/DataLayer.uexp" 152
"../../../Engine/Content/EngineMaterials/DefaultMaterial.uasset" 153
"../../../Engine/Content/EngineMaterials/DefaultMaterial.uexp" 154
"../../../Engine/Content/BasicShapes/Sphere.uexp" 155
"../../../Engine/Content/BasicShapes/Sphere.uasset" 156
"../../../Engine/Content/BasicShapes/Plane.uasset" 157
"../../../Engine/Content/BasicShapes/Plane.uexp" 158
"../../../Engine/Content/BasicShapes/Cone.uexp" 159
"../../../Engine/Content/BasicShapes/Cone.uasset" 160
"../../../Engine/Content/Animation/DefaultVariableFrameStrippingSettings.uexp" 161
"../../../Engine/Content/Animation/DefaultVariableFrameStrippingSettings.uasset" 162
"../../../Engine/Content/Animation/DefaultRecorderBoneCompression.uexp" 163
"../../../Engine/Content/Animation/DefaultRecorderBoneCompression.uasset" 164
"../../../Engine/Plugins/Runtime/MeshModelingToolset/Content/Materials/M_DynamicMeshComponentVtxColor.uexp" 165
"../../../Engine/Plugins/Runtime/MeshModelingToolset/Content/Materials/M_DynamicMeshComponentVtxColor.uasset" 166
"../../../Engine/Plugins/Runtime/AR/ARUtilities/Content/Materials/MF_DistanceColorLerp.uexp" 167
"../../../Engine/Plugins/Runtime/AR/ARUtilities/Content/Materials/MF_DistanceColorLerp.uasset" 168
"../../../Engine/Plugins/Runtime/AR/ARUtilities/Content/Materials/M_DepthColoration.uexp" 169
"../../../Engine/Plugins/Runtime/AR/ARUtilities/Content/Materials/M_DepthColoration.uasset" 170
"../../../Engine/Plugins/Runtime/AR/ARUtilities/Content/Materials/M_PassthroughCamera.uasset" 171
"../../../Engine/Plugins/Runtime/AR/ARUtilities/Content/Materials/M_PassthroughCamera.uexp" 172
"../../../Engine/Plugins/Runtime/AR/ARUtilities/Content/Materials/MI_PassthroughCameraExternalTexture.uexp" 173
"../../../Engine/Plugins/Runtime/AR/ARUtilities/Content/Materials/MI_PassthroughCameraExternalTexture.uasset" 174
"../../../Engine/Plugins/Runtime/AR/ARUtilities/Content/Materials/M_ScreenSpacePassthroughCamera.uexp" 175
"../../../Engine/Plugins/Runtime/AR/ARUtilities/Content/Materials/M_ScreenSpacePassthroughCamera.uasset" 176
"../../../Engine/Plugins/Runtime/AR/ARUtilities/Content/Materials/MI_ScreenSpacePassthroughCameraExternalTexture.uasset" 177
"../../../Engine/Plugins/Runtime/AR/ARUtilities/Content/Materials/MI_ScreenSpacePassthroughCameraExternalTexture.uexp" 178
"../../../Engine/Content/Functions/Engine_MaterialFunctions03/Math/RemapValueRange.uexp" 179
"../../../Engine/Content/Functions/Engine_MaterialFunctions03/Math/RemapValueRange.uasset" 180
"../../../Engine/Content/Functions/Engine_MaterialFunctions02/Utility/CameraDirectionVector.uexp" 181
"../../../Engine/Content/Functions/Engine_MaterialFunctions02/Utility/CameraDirectionVector.uasset" 182
"../../../Engine/Content/Functions/Engine_MaterialFunctions01/Volumetrics/BeersLaw.uasset" 183
"../../../Engine/Content/Functions/Engine_MaterialFunctions01/Volumetrics/BeersLaw.uexp" 184
"../../../Engine/Content/EngineMaterials/Good64x64TilingNoiseHighFreq.uasset" 185
"../../../Engine/Content/EngineMaterials/Good64x64TilingNoiseHighFreq.uexp" 186
"../../../Engine/Content/Functions/Engine_MaterialFunctions02/Texturing/ScreenAlignedPixelToPixelUVs.uasset" 187
"../../../Engine/Content/Functions/Engine_MaterialFunctions02/Texturing/ScreenAlignedPixelToPixelUVs.uexp" 188
"../../../Engine/Content/Functions/Engine_MaterialFunctions02/Utility/BreakOutFloat3Components.uasset" 189
"../../../Engine/Content/Functions/Engine_MaterialFunctions02/Utility/BreakOutFloat3Components.uexp" 190
"../../../Engine/Plugins/Editor/SpeedTreeImporter/Content/SpeedTree9/game_wind_noise.uexp" 191
"../../../Engine/Plugins/Editor/SpeedTreeImporter/Content/SpeedTree9/game_wind_noise.uasset" 192
"../../../Engine/Plugins/Editor/SpeedTreeImporter/Content/SpeedTree9/game_wind_noise.ubulk" 193
"../../../Engine/Plugins/Editor/SpeedTreeImporter/Content/SpeedTree9/UnpackDirection.uexp" 194
"../../../Engine/Plugins/Editor/SpeedTreeImporter/Content/SpeedTree9/UnpackDirection.uasset" 195
"../../../Engine/Content/Functions/Engine_MaterialFunctions02/ObjectLocalBounds.uasset" 196
"../../../Engine/Content/Functions/Engine_MaterialFunctions02/ObjectLocalBounds.uexp" 197
"../../../Engine/Content/Functions/Engine_MaterialFunctions02/UVs/BoundingBoxBased_0-1_UVW.uexp" 198
"../../../Engine/Content/Functions/Engine_MaterialFunctions02/UVs/BoundingBoxBased_0-1_UVW.uasset" 199
"../../../Engine/Content/Functions/Engine_MaterialFunctions02/Utility/VectorLength.uexp" 200
"../../../Engine/Content/Functions/Engine_MaterialFunctions02/Utility/VectorLength.uasset" 201
"../../../Engine/Plugins/Editor/SpeedTreeImporter/Content/SpeedTree9/UnpackInteger3.uexp" 202
"../../../Engine/Plugins/Editor/SpeedTreeImporter/Content/SpeedTree9/UnpackInteger3.uasset" 203
"../../../Engine/Plugins/Editor/SpeedTreeImporter/Content/SpeedTree9/SpeedTreeCameraFacing.uasset" 204
"../../../Engine/Plugins/Editor/SpeedTreeImporter/Content/SpeedTree9/SpeedTreeCameraFacing.uexp" 205
"../../../Engine/Content/Functions/Engine_MaterialFunctions02/WorldPositionOffset/ObjectScale.uexp" 206
"../../../Engine/Content/Functions/Engine_MaterialFunctions02/WorldPositionOffset/ObjectScale.uasset" 207
"../../../Engine/Content/Functions/Engine_MaterialFunctions02/SafeNormalize.uasset" 208
"../../../Engine/Content/Functions/Engine_MaterialFunctions02/SafeNormalize.uexp" 209
"../../../Engine/Plugins/Editor/SpeedTreeImporter/Content/SpeedTree9/SpeedTreeWindMotion.uexp" 210
"../../../Engine/Plugins/Editor/SpeedTreeImporter/Content/SpeedTree9/SpeedTreeWindMotion.uasset" 211
"../../../Engine/Plugins/Editor/SpeedTreeImporter/Content/SpeedTree9/SpeedTreeBranchMotion.uexp" 212
"../../../Engine/Plugins/Editor/SpeedTreeImporter/Content/SpeedTree9/SpeedTreeBranchMotion.uasset" 213
"../../../Engine/Plugins/Editor/SpeedTreeImporter/Content/SpeedTree9/SpeedTreeWind.uasset" 214
"../../../Engine/Plugins/Editor/SpeedTreeImporter/Content/SpeedTree9/SpeedTreeWind.uexp" 215
"../../../Engine/Plugins/Editor/SpeedTreeImporter/Content/SpeedTree9/EmptyNormal.uasset" 216
"../../../Engine/Plugins/Editor/SpeedTreeImporter/Content/SpeedTree9/EmptyNormal.uexp" 217
"../../../Engine/Plugins/Editor/SpeedTreeImporter/Content/SpeedTree9/Empty.uasset" 218
"../../../Engine/Plugins/Editor/SpeedTreeImporter/Content/SpeedTree9/Empty.uexp" 219
"../../../Engine/Plugins/Editor/SpeedTreeImporter/Content/SpeedTree9/SpeedTreeMaster.uexp" 220
"../../../Engine/Plugins/Editor/SpeedTreeImporter/Content/SpeedTree9/SpeedTreeMaster.uasset" 221
"../../../Engine/Plugins/Editor/SpeedTreeImporter/Content/SpeedTree9/SpeedTreeBillboard.uexp" 222
"../../../Engine/Plugins/Editor/SpeedTreeImporter/Content/SpeedTree9/SpeedTreeBillboard.uasset" 223
"../../../Engine/Plugins/Editor/SpeedTreeImporter/Content/SpeedTree9/SpeedTreeBillboardMaster.uasset" 224
"../../../Engine/Plugins/Editor/SpeedTreeImporter/Content/SpeedTree9/SpeedTreeBillboardMaster.uexp" 225
"../../../Engine/Plugins/Animation/ControlRig/Content/Controls/ControlRig_Octagon_solid.uexp" 226
"../../../Engine/Plugins/Animation/ControlRig/Content/Controls/ControlRig_Octagon_solid.uasset" 227
"../../../Engine/Plugins/Animation/ControlRig/Content/Controls/ControlRig_Pyramid_solid.uexp" 228
"../../../Engine/Plugins/Animation/ControlRig/Content/Controls/ControlRig_Pyramid_solid.uasset" 229
"../../../Engine/Plugins/Animation/ControlRig/Content/Controls/ControlRig_Wedge_solid.uexp" 230
"../../../Engine/Plugins/Animation/ControlRig/Content/Controls/ControlRig_Wedge_solid.uasset" 231
"../../../Engine/Plugins/Animation/ControlRig/Content/Controls/ControlRig_RoundedSquare_1mm.uexp" 232
"../../../Engine/Plugins/Animation/ControlRig/Content/Controls/ControlRig_RoundedSquare_1mm.uasset" 233
"../../../Engine/Plugins/Animation/ControlRig/Content/Controls/ControlRig_Star4_1mm.uexp" 234
"../../../Engine/Plugins/Animation/ControlRig/Content/Controls/ControlRig_Star4_1mm.uasset" 235
"../../../Engine/Plugins/Animation/ControlRig/Content/Controls/ControlRigXRayMaterial.uexp" 236
"../../../Engine/Plugins/Animation/ControlRig/Content/Controls/ControlRigXRayMaterial.uasset" 237
"../../../Engine/Plugins/Animation/ControlRig/Content/Controls/ControlRig_Hexagon_solid.uexp" 238
"../../../Engine/Plugins/Animation/ControlRig/Content/Controls/ControlRig_Hexagon_solid.uasset" 239
"../../../Engine/Plugins/Animation/ControlRig/Content/Controls/ControlRig_Arrow_solid.uexp" 240
"../../../Engine/Plugins/Animation/ControlRig/Content/Controls/ControlRig_Arrow_solid.uasset" 241
"../../../Engine/Plugins/Animation/ControlRig/Content/Controls/ControlRig_Triangle_3mm.uexp" 242
"../../../Engine/Plugins/Animation/ControlRig/Content/Controls/ControlRig_Triangle_3mm.uasset" 243
"../../../Engine/Plugins/Animation/ControlRig/Content/Controls/ControlRig_Box_solid.uasset" 244
"../../../Engine/Plugins/Animation/ControlRig/Content/Controls/ControlRig_Box_solid.uexp" 245
"../../../Engine/Plugins/Animation/ControlRig/Content/Controls/ControlRig_Wedge_3mm.uasset" 246
"../../../Engine/Plugins/Animation/ControlRig/Content/Controls/ControlRig_Wedge_3mm.uexp" 247
"../../../Engine/Plugins/Animation/ControlRig/Content/Controls/ControlRig_HalfCircle_1mm.uexp" 248
"../../../Engine/Plugins/Animation/ControlRig/Content/Controls/ControlRig_HalfCircle_1mm.uasset" 249
"../../../Engine/Plugins/Animation/ControlRig/Content/Controls/ControlRig_HalfCircle_solid.uexp" 250
"../../../Engine/Plugins/Animation/ControlRig/Content/Controls/ControlRig_HalfCircle_solid.uasset" 251
"../../../Engine/Plugins/Animation/ControlRig/Content/Controls/ControlRig_Arrow2_1mm.uexp" 252
"../../../Engine/Plugins/Animation/ControlRig/Content/Controls/ControlRig_Arrow2_1mm.uasset" 253
"../../../Engine/Plugins/Animation/ControlRig/Content/Controls/ControlRig_Octagon_3mm.uexp" 254
"../../../Engine/Plugins/Animation/ControlRig/Content/Controls/ControlRig_Octagon_3mm.uasset" 255
"../../../Engine/Plugins/Animation/ControlRig/Content/Controls/ControlRig_Box_3mm.uexp" 256
"../../../Engine/Plugins/Animation/ControlRig/Content/Controls/ControlRig_Box_3mm.uasset" 257
"../../../Engine/Plugins/Animation/ControlRig/Content/Controls/ControlRig_Sphere_1mm.uexp" 258
"../../../Engine/Plugins/Animation/ControlRig/Content/Controls/ControlRig_Sphere_1mm.uasset" 259
"../../../Engine/Plugins/Animation/ControlRig/Content/Controls/ControlRig_Pyramid_3mm.uasset" 260
"../../../Engine/Plugins/Animation/ControlRig/Content/Controls/ControlRig_Pyramid_3mm.uexp" 261
"../../../Engine/Plugins/Animation/ControlRig/Content/Controls/ControlRig_QuarterCircle_3mm.uexp" 262
"../../../Engine/Plugins/Animation/ControlRig/Content/Controls/ControlRig_QuarterCircle_3mm.uasset" 263
"../../../Engine/Plugins/Animation/ControlRig/Content/Controls/ControlRig_Circle_1mm.uexp" 264
"../../../Engine/Plugins/Animation/ControlRig/Content/Controls/ControlRig_Circle_1mm.uasset" 265
"../../../Engine/Plugins/Animation/ControlRig/Content/Controls/ControlRig_RoundedTriangle_3mm.uexp" 266
"../../../Engine/Plugins/Animation/ControlRig/Content/Controls/ControlRig_RoundedTriangle_3mm.uasset" 267
"../../../Engine/Plugins/Animation/ControlRig/Content/Controls/ControlRig_Triangle_solid.uasset" 268
"../../../Engine/Plugins/Animation/ControlRig/Content/Controls/ControlRig_Triangle_solid.uexp" 269
"../../../Engine/Plugins/Animation/ControlRig/Content/Controls/ControlRig_Diamond_1mm.uexp" 270
"../../../Engine/Plugins/Animation/ControlRig/Content/Controls/ControlRig_Diamond_1mm.uasset" 271
"../../../Engine/Plugins/Animation/ControlRig/Content/Controls/ControlRig_Arrow2_solid.uexp" 272
"../../../Engine/Plugins/Animation/ControlRig/Content/Controls/ControlRig_Arrow2_solid.uasset" 273
"../../../Engine/Plugins/Animation/ControlRig/Content/Controls/ControlRig_Arrow4_3mm.uasset" 274
"../../../Engine/Plugins/Animation/ControlRig/Content/Controls/ControlRig_Arrow4_3mm.uexp" 275
"../../../Engine/Plugins/Animation/ControlRig/Content/Controls/ControlRig_Hexagon_1mm.uexp" 276
"../../../Engine/Plugins/Animation/ControlRig/Content/Controls/ControlRig_Hexagon_1mm.uasset" 277
"../../../Engine/Plugins/Animation/ControlRig/Content/Controls/ControlRig_QuarterCircle_solid.uasset" 278
"../../../Engine/Plugins/Animation/ControlRig/Content/Controls/ControlRig_QuarterCircle_solid.uexp" 279
"../../../Engine/Plugins/Animation/ControlRig/Content/Controls/ControlRig_Arrow_1mm.uexp" 280
"../../../Engine/Plugins/Animation/ControlRig/Content/Controls/ControlRig_Arrow_1mm.uasset" 281
"../../../Engine/Plugins/Animation/ControlRig/Content/Controls/ControlRig_Square_1mm.uexp" 282
"../../../Engine/Plugins/Animation/ControlRig/Content/Controls/ControlRig_Square_1mm.uasset" 283
"../../../Engine/Plugins/Animation/ControlRig/Content/Controls/ControlRig_Circle_solid.uexp" 284
"../../../Engine/Plugins/Animation/ControlRig/Content/Controls/ControlRig_Circle_solid.uasset" 285
"../../../Engine/Plugins/Animation/ControlRig/Content/Controls/ControlRig_Arrow4_solid.uasset" 286
"../../../Engine/Plugins/Animation/ControlRig/Content/Controls/ControlRig_Arrow4_solid.uexp" 287
"../../../Engine/Plugins/Animation/ControlRig/Content/Controls/ControlRig_RoundedSquare_solid.uexp" 288
"../../../Engine/Plugins/Animation/ControlRig/Content/Controls/ControlRig_RoundedSquare_solid.uasset" 289
"../../../Engine/Plugins/Animation/ControlRig/Content/Controls/ControlRig_Star4_solid.uexp" 290
"../../../Engine/Plugins/Animation/ControlRig/Content/Controls/ControlRig_Star4_solid.uasset" 291
"../../../Engine/Plugins/Animation/ControlRig/Content/Controls/ControlRig_Diamond_solid.uexp" 292
"../../../Engine/Plugins/Animation/ControlRig/Content/Controls/ControlRig_Diamond_solid.uasset" 293
"../../../Engine/Plugins/Animation/ControlRig/Content/Controls/ControlRig_Arrow2_3mm.uasset" 294
"../../../Engine/Plugins/Animation/ControlRig/Content/Controls/ControlRig_Arrow2_3mm.uexp" 295
"../../../Engine/Plugins/Animation/ControlRig/Content/Controls/ControlRig_Box_1mm.uexp" 296
"../../../Engine/Plugins/Animation/ControlRig/Content/Controls/ControlRig_Box_1mm.uasset" 297
"../../../Engine/Plugins/Animation/ControlRig/Content/Controls/ControlRig_Octagon_1mm.uasset" 298
"../../../Engine/Plugins/Animation/ControlRig/Content/Controls/ControlRig_Octagon_1mm.uexp" 299
"../../../Engine/Plugins/Animation/ControlRig/Content/Controls/ControlRig_Sphere_3mm.uexp" 300
"../../../Engine/Plugins/Animation/ControlRig/Content/Controls/ControlRig_Sphere_3mm.uasset" 301
"../../../Engine/Plugins/Animation/ControlRig/Content/Controls/ControlRig_Triangle_1mm.uexp" 302
"../../../Engine/Plugins/Animation/ControlRig/Content/Controls/ControlRig_Triangle_1mm.uasset" 303
"../../../Engine/Plugins/Animation/ControlRig/Content/Controls/ControlRig_RoundedTriangle_solid.uasset" 304
"../../../Engine/Plugins/Animation/ControlRig/Content/Controls/ControlRig_RoundedTriangle_solid.uexp" 305
"../../../Engine/Plugins/Animation/ControlRig/Content/Controls/ControlRig_HalfCircle_3mm.uexp" 306
"../../../Engine/Plugins/Animation/ControlRig/Content/Controls/ControlRig_HalfCircle_3mm.uasset" 307
"../../../Engine/Plugins/Animation/ControlRig/Content/Controls/ControlRig_Wedge_1mm.uasset" 308
"../../../Engine/Plugins/Animation/ControlRig/Content/Controls/ControlRig_Wedge_1mm.uexp" 309
"../../../Engine/Plugins/Animation/ControlRig/Content/Controls/DefaultGizmoLibraryNormalized.uexp" 310
"../../../Engine/Plugins/Animation/ControlRig/Content/Controls/DefaultGizmoLibraryNormalized.uasset" 311
"../../../Engine/Plugins/Animation/ControlRig/Content/Controls/ControlRig_RoundedSquare_3mm.uasset" 312
"../../../Engine/Plugins/Animation/ControlRig/Content/Controls/ControlRig_RoundedSquare_3mm.uexp" 313
"../../../Engine/Plugins/Animation/ControlRig/Content/Controls/ControlRig_Star4_3mm.uexp" 314
"../../../Engine/Plugins/Animation/ControlRig/Content/Controls/ControlRig_Star4_3mm.uasset" 315
"../../../Engine/Plugins/Animation/ControlRig/Content/Controls/ControlRig_Square_3mm.uexp" 316
"../../../Engine/Plugins/Animation/ControlRig/Content/Controls/ControlRig_Square_3mm.uasset" 317
"../../../Engine/Plugins/Animation/ControlRig/Content/Controls/ControlRig_Sphere_solid.uasset" 318
"../../../Engine/Plugins/Animation/ControlRig/Content/Controls/ControlRig_Sphere_solid.uexp" 319
"../../../Engine/Plugins/Animation/ControlRig/Content/Controls/ControlRig_Hexagon_3mm.uasset" 320
"../../../Engine/Plugins/Animation/ControlRig/Content/Controls/ControlRig_Hexagon_3mm.uexp" 321
"../../../Engine/Plugins/Animation/ControlRig/Content/Controls/ControlRig_Arrow_3mm.uasset" 322
"../../../Engine/Plugins/Animation/ControlRig/Content/Controls/ControlRig_Arrow_3mm.uexp" 323
"../../../Engine/Plugins/Animation/ControlRig/Content/Controls/ControlRig_Diamond_3mm.uasset" 324
"../../../Engine/Plugins/Animation/ControlRig/Content/Controls/ControlRig_Diamond_3mm.uexp" 325
"../../../Engine/Plugins/Animation/ControlRig/Content/Controls/ControlRig_Square_solid.uasset" 326
"../../../Engine/Plugins/Animation/ControlRig/Content/Controls/ControlRig_Square_solid.uexp" 327
"../../../Engine/Plugins/Animation/ControlRig/Content/Controls/ControlRig_Arrow4_1mm.uasset" 328
"../../../Engine/Plugins/Animation/ControlRig/Content/Controls/ControlRig_Arrow4_1mm.uexp" 329
"../../../Engine/Plugins/Animation/ControlRig/Content/Controls/ControlRig_Pyramid_1mm.uasset" 330
"../../../Engine/Plugins/Animation/ControlRig/Content/Controls/ControlRig_Pyramid_1mm.uexp" 331
"../../../Engine/Plugins/Animation/ControlRig/Content/Controls/ControlRig_QuarterCircle_1mm.uasset" 332
"../../../Engine/Plugins/Animation/ControlRig/Content/Controls/ControlRig_QuarterCircle_1mm.uexp" 333
"../../../Engine/Plugins/Animation/ControlRig/Content/Controls/ControlRig_Circle_3mm.uasset" 334
"../../../Engine/Plugins/Animation/ControlRig/Content/Controls/ControlRig_Circle_3mm.uexp" 335
"../../../Engine/Plugins/Animation/ControlRig/Content/Controls/ControlRig_RoundedTriangle_1mm.uasset" 336
"../../../Engine/Plugins/Animation/ControlRig/Content/Controls/ControlRig_RoundedTriangle_1mm.uexp" 337
"../../../Engine/Plugins/Animation/ControlRig/Content/Controls/ControlRigGizmoMaterial.uasset" 338
"../../../Engine/Plugins/Animation/ControlRig/Content/Controls/ControlRigGizmoMaterial.uexp" 339
"../../../Engine/Content/VREditor/TransformGizmo/StartRotationHandleIndicator.uexp" 340
"../../../Engine/Content/VREditor/TransformGizmo/StartRotationHandleIndicator.uasset" 341
"../../../Engine/Content/VREditor/Sounds/UI/Drop_Item_From_ContentBrowser.ubulk" 342
"../../../Engine/Content/VREditor/Sounds/UI/Drop_Item_From_ContentBrowser.uasset" 343
"../../../Engine/Content/VREditor/Sounds/UI/Drop_Item_From_ContentBrowser.uexp" 344
"../../../Engine/Content/VREditor/TransformGizmo/PlaneTranslationHandle.uasset" 345
"../../../Engine/Content/VREditor/TransformGizmo/PlaneTranslationHandle.uexp" 346
"../../../Engine/Content/VREditor/Sounds/UI/Object_Snaps_To_Grid.ubulk" 347
"../../../Engine/Content/VREditor/Sounds/UI/Object_Snaps_To_Grid.uasset" 348
"../../../Engine/Content/VREditor/Sounds/UI/Object_Snaps_To_Grid.uexp" 349
"../../../Engine/Content/VREditor/Sounds/UI/Selection_Changes.ubulk" 350
"../../../Engine/Content/VREditor/Sounds/UI/Selection_Changes.uasset" 351
"../../../Engine/Content/VREditor/Sounds/UI/Selection_Changes.uexp" 352
"../../../Engine/Content/VREditor/Sounds/UI/Object_Snaps_To_Another_Actor.uasset" 353
"../../../Engine/Content/VREditor/Sounds/UI/Object_Snaps_To_Another_Actor.ubulk" 354
"../../../Engine/Content/VREditor/Sounds/UI/Object_Snaps_To_Another_Actor.uexp" 355
"../../../Engine/Content/VREditor/TransformGizmo/TranslucentTransformGizmoMaterial_Inst.uexp" 356
"../../../Engine/Content/VREditor/TransformGizmo/TranslucentTransformGizmoMaterial_Inst.uasset" 357
"../../../Engine/Content/VREditor/TransformGizmo/TransformGizmoFreeRotation.uasset" 358
"../../../Engine/Content/VREditor/TransformGizmo/TransformGizmoFreeRotation.uexp" 359
"../../../Engine/Content/VREditor/Sounds/UI/Scaling_Down.ubulk" 360
"../../../Engine/Content/VREditor/Sounds/UI/Scaling_Down.uexp" 361
"../../../Engine/Content/VREditor/Sounds/UI/Scaling_Down.uasset" 362
"../../../Engine/Content/Functions/Engine_MaterialFunctions02/Math/Transform3x3Matrix.uasset" 363
"../../../Engine/Content/Functions/Engine_MaterialFunctions02/Math/Transform3x3Matrix.uexp" 364
"../../../Engine/Content/Functions/Engine_MaterialFunctions02/SplitComponents.uasset" 365
"../../../Engine/Content/Functions/Engine_MaterialFunctions02/SplitComponents.uexp" 366
"../../../Engine/Content/Functions/Engine_MaterialFunctions02/Utility/MakeFloat3.uexp" 367
"../../../Engine/Content/Functions/Engine_MaterialFunctions02/Utility/MakeFloat3.uasset" 368
"../../../Engine/Content/VREditor/SnapGrid/SnapGridMaterial.uasset" 369
"../../../Engine/Content/VREditor/SnapGrid/SnapGridMaterial.uexp" 370
"../../../Engine/Content/VREditor/SnapGrid/SnapGridPlaneMesh.uexp" 371
"../../../Engine/Content/VREditor/SnapGrid/SnapGridPlaneMesh.uasset" 372
"../../../Engine/Content/VREditor/Sounds/UI/Scaling_Up.ubulk" 373
"../../../Engine/Content/VREditor/Sounds/UI/Scaling_Up.uasset" 374
"../../../Engine/Content/VREditor/Sounds/UI/Scaling_Up.uexp" 375
"../../../Engine/Content/VREditor/TransformGizmo/TransformGizmoMaterial_Inst.uexp" 376
"../../../Engine/Content/VREditor/TransformGizmo/TransformGizmoMaterial_Inst.uasset" 377
"../../../Engine/Content/VREditor/Sounds/UI/Gizmo_Handle_Clicked.uasset" 378
"../../../Engine/Content/VREditor/Sounds/UI/Gizmo_Handle_Clicked.uexp" 379
"../../../Engine/Content/VREditor/Sounds/UI/Gizmo_Handle_Clicked.ubulk" 380
"../../../Engine/Content/VREditor/TransformGizmo/RotationHandleQuarter.uasset" 381
"../../../Engine/Content/VREditor/TransformGizmo/RotationHandleQuarter.uexp" 382
"../../../Engine/Content/VREditor/TransformGizmo/TranslateArrowHandle.uasset" 383
"../../../Engine/Content/VREditor/TransformGizmo/TranslateArrowHandle.uexp" 384
"../../../Engine/Content/VREditor/TransformGizmo/RotationHandleIndicator.uexp" 385
"../../../Engine/Content/VREditor/TransformGizmo/RotationHandleIndicator.uasset" 386
"../../../Engine/Content/VREditor/TransformGizmo/UniformScaleHandle.uasset" 387
"../../../Engine/Content/VREditor/TransformGizmo/UniformScaleHandle.uexp" 388
"../../../Engine/Content/VREditor/TransformGizmo/RotationHandleFull.uexp" 389
"../../../Engine/Content/VREditor/TransformGizmo/RotationHandleFull.uasset" 390
"../../../Engine/Content/VREditor/Sounds/UI/Object_PickUp.ubulk" 391
"../../../Engine/Content/VREditor/Sounds/UI/Object_PickUp.uexp" 392
"../../../Engine/Content/VREditor/Sounds/UI/Object_PickUp.uasset" 393
"../../../Engine/Content/EngineSounds/Master.uexp" 394
"../../../Engine/Content/EngineSounds/Master.uasset" 395
"../../../Engine/Content/EngineMaterials/DefaultLightFunctionMaterial.uasset" 396
"../../../Engine/Content/EngineMaterials/DefaultLightFunctionMaterial.uexp" 397
"../../../Engine/Content/EngineResources/WhiteSquareTexture.uexp" 398
"../../../Engine/Content/EngineResources/WhiteSquareTexture.uasset" 399
"../../../Engine/Content/EngineMaterials/Widget3DPassThrough.uexp" 400
"../../../Engine/Content/EngineMaterials/Widget3DPassThrough.uasset" 401
"../../../Engine/Content/EngineMaterials/Widget3DPassThrough_Opaque.uasset" 402
"../../../Engine/Content/EngineMaterials/Widget3DPassThrough_Opaque.uexp" 403
"../../../Engine/Content/EngineMaterials/Widget3DPassThrough_Opaque_OneSided.uasset" 404
"../../../Engine/Content/EngineMaterials/Widget3DPassThrough_Opaque_OneSided.uexp" 405
"../../../Engine/Content/EngineFonts/RobotoDistanceField.uexp" 406
"../../../Engine/Content/EngineFonts/RobotoDistanceField.uasset" 407
"../../../Engine/Content/EngineMaterials/DefaultTextMaterialOpaque.uexp" 408
"../../../Engine/Content/EngineMaterials/DefaultTextMaterialOpaque.uasset" 409
"../../../Engine/Content/EngineMaterials/InvalidLightmapSettings.ubulk" 410
"../../../Engine/Content/EngineMaterials/InvalidLightmapSettings.uasset" 411
"../../../Engine/Content/EngineMaterials/InvalidLightmapSettings.uexp" 412
"../../../Engine/Content/EngineMaterials/M_InvalidLightmapSettings.uexp" 413
"../../../Engine/Content/EngineMaterials/M_InvalidLightmapSettings.uasset" 414
"../../../Engine/Content/EngineMaterials/BaseFlattenEmissiveMap_VT.uexp" 415
"../../../Engine/Content/EngineMaterials/BaseFlattenEmissiveMap_VT.uasset" 416
"../../../Engine/Content/EngineMaterials/BaseFlattenGrayscaleMap_VT.uexp" 417
"../../../Engine/Content/EngineMaterials/BaseFlattenGrayscaleMap_VT.uasset" 418
"../../../Engine/Content/EngineMaterials/BaseFlattenLinearColor_VT.uasset" 419
"../../../Engine/Content/EngineMaterials/BaseFlattenLinearColor_VT.uexp" 420
"../../../Engine/Content/EngineMaterials/Black_1x1_EXR_Texture_VT.uasset" 421
"../../../Engine/Content/EngineMaterials/Black_1x1_EXR_Texture_VT.uexp" 422
"../../../Engine/Content/EngineMaterials/BaseFlattenDiffuseMap_VT.uasset" 423
"../../../Engine/Content/EngineMaterials/BaseFlattenDiffuseMap_VT.uexp" 424
"../../../Engine/Content/EngineMaterials/BaseFlattenNormalMap_VT.uasset" 425
"../../../Engine/Content/EngineMaterials/BaseFlattenNormalMap_VT.uexp" 426
"../../../Engine/Content/EngineMaterials/FlattenMaterial_VT.uasset" 427
"../../../Engine/Content/EngineMaterials/FlattenMaterial_VT.uexp" 428
"../../../Engine/Content/EngineMaterials/DefaultPhysicalMaterial.uasset" 429
"../../../Engine/Content/EngineMaterials/DefaultPhysicalMaterial.uexp" 430
"../../../Engine/Content/EngineMaterials/DefaultDiffuse.ubulk" 431
"../../../Engine/Content/EngineMaterials/DefaultDiffuse.uexp" 432
"../../../Engine/Content/EngineMaterials/DefaultDiffuse.uasset" 433
"../../../Engine/Content/Functions/Engine_MaterialFunctions02/Utility/BreakOutFloat2Components.uasset" 434
"../../../Engine/Content/Functions/Engine_MaterialFunctions02/Utility/BreakOutFloat2Components.uexp" 435
"../../../Engine/Content/EngineMaterials/DefaultPostProcessMaterial.uexp" 436
"../../../Engine/Content/EngineMaterials/DefaultPostProcessMaterial.uasset" 437
"../../../Engine/Content/EngineMaterials/DefaultDeferredDecalMaterial.uexp" 438
"../../../Engine/Content/EngineMaterials/DefaultDeferredDecalMaterial.uasset" 439
"../../../Engine/Content/EngineMaterials/RemoveSurfaceMaterial.uasset" 440
"../../../Engine/Content/EngineMaterials/RemoveSurfaceMaterial.uexp" 441
"../../../Engine/Content/EngineMaterials/FlattenMaterial_WS_Normal_VT.uexp" 442
"../../../Engine/Content/EngineMaterials/FlattenMaterial_WS_Normal_VT.uasset" 443
"../../../Engine/Content/EngineMaterials/DefaultBloomKernel.uexp" 444
"../../../Engine/Content/EngineMaterials/DefaultBloomKernel.uasset" 445
"../../../Engine/Content/EngineMaterials/Widget3DPassThrough_Masked_OneSided.uexp" 446
"../../../Engine/Content/EngineMaterials/Widget3DPassThrough_Masked_OneSided.uasset" 447
"../../../Engine/Content/EngineMaterials/DefaultWhiteGrid_Low.uasset" 448
"../../../Engine/Content/EngineMaterials/DefaultWhiteGrid_Low.uexp" 449
"../../../Engine/Content/EngineMaterials/EmissiveMeshMaterial.uexp" 450
"../../../Engine/Content/EngineMaterials/EmissiveMeshMaterial.uasset" 451
"../../../Engine/Content/EngineMaterials/STBlueNoise_scalar_128x128x64.uasset" 452
"../../../Engine/Content/EngineMaterials/STBlueNoise_scalar_128x128x64.uexp" 453
"../../../Engine/Content/EngineMaterials/BaseFlattenNormalMap.uexp" 454
"../../../Engine/Content/EngineMaterials/BaseFlattenNormalMap.uasset" 455
"../../../Engine/Content/EngineMaterials/BaseFlattenGrayscaleMap.uasset" 456
"../../../Engine/Content/EngineMaterials/BaseFlattenGrayscaleMap.uexp" 457
"../../../Engine/Content/EngineMaterials/BaseFlattenDiffuseMap.uasset" 458
"../../../Engine/Content/EngineMaterials/BaseFlattenDiffuseMap.uexp" 459
"../../../Engine/Content/Functions/Engine_MaterialFunctions02/PivotPainter2/Black_1x1_EXR_Texture.uexp" 460
"../../../Engine/Content/Functions/Engine_MaterialFunctions02/PivotPainter2/Black_1x1_EXR_Texture.uasset" 461
"../../../Engine/Content/EngineMaterials/BaseFlattenEmissiveMap.uexp" 462
"../../../Engine/Content/EngineMaterials/BaseFlattenEmissiveMap.uasset" 463
"../../../Engine/Content/EngineMaterials/BaseFlattenLinearColor.uasset" 464
"../../../Engine/Content/EngineMaterials/BaseFlattenLinearColor.uexp" 465
"../../../Engine/Content/EngineMaterials/FlattenMaterial.uasset" 466
"../../../Engine/Content/EngineMaterials/FlattenMaterial.uexp" 467
"../../../Engine/Content/EngineMaterials/GizmoMaterial.uexp" 468
"../../../Engine/Content/EngineMaterials/GizmoMaterial.uasset" 469
"../../../Engine/Content/EngineMaterials/DefaultDestructiblePhysicalMaterial.uasset" 470
"../../../Engine/Content/EngineMaterials/DefaultDestructiblePhysicalMaterial.uexp" 471
"../../../Engine/Content/EngineMaterials/PhAT_JointLimitMaterial.uasset" 472
"../../../Engine/Content/EngineMaterials/PhAT_JointLimitMaterial.uexp" 473
"../../../Engine/Content/EngineMaterials/STBlueNoise_vec2_128x128x64.uasset" 474
"../../../Engine/Content/EngineMaterials/STBlueNoise_vec2_128x128x64.uexp" 475
"../../../Engine/Content/EngineMaterials/DefaultCalibrationColor.uexp" 476
"../../../Engine/Content/EngineMaterials/DefaultCalibrationColor.uasset" 477
"../../../Engine/Content/EngineMaterials/PPM_DefaultCalibrationColor.uasset" 478
"../../../Engine/Content/EngineMaterials/PPM_DefaultCalibrationColor.uexp" 479
"../../../Engine/Content/EngineMaterials/Widget3DPassThrough_Translucent.uasset" 480
"../../../Engine/Content/EngineMaterials/Widget3DPassThrough_Translucent.uexp" 481
"../../../Engine/Content/EngineMaterials/Widget3DPassThrough_Translucent_OneSided.uasset" 482
"../../../Engine/Content/EngineMaterials/Widget3DPassThrough_Translucent_OneSided.uexp" 483
"../../../Engine/Content/EngineMaterials/Widget3DPassThrough_Masked.uasset" 484
"../../../Engine/Content/EngineMaterials/Widget3DPassThrough_Masked.uexp" 485
"../../../Engine/Content/EngineMaterials/NaniteHiddenSectionMaterial.uasset" 486
"../../../Engine/Content/EngineMaterials/NaniteHiddenSectionMaterial.uexp" 487
"../../../Engine/Content/EngineMaterials/DefaultCalibrationGrayscale.uexp" 488
"../../../Engine/Content/EngineMaterials/DefaultCalibrationGrayscale.uasset" 489
"../../../Engine/Content/EngineMaterials/PPM_DefaultCalibrationGrayscale.uasset" 490
"../../../Engine/Content/EngineMaterials/PPM_DefaultCalibrationGrayscale.uexp" 491
"../../../Engine/Content/EngineFonts/Faces/RobotoLight.ufont" 492
"../../../Engine/Content/EngineFonts/Faces/RobotoLight.uasset" 493
"../../../Engine/Content/EngineFonts/Faces/RobotoLight.uexp" 494
"../../../Engine/Content/EngineFonts/Faces/RobotoBold.ufont" 495
"../../../Engine/Content/EngineFonts/Faces/RobotoBold.uasset" 496
"../../../Engine/Content/EngineFonts/Faces/RobotoBold.uexp" 497
"../../../Engine/Content/EngineFonts/Faces/RobotoRegular.uasset" 498
"../../../Engine/Content/EngineFonts/Faces/RobotoRegular.uexp" 499
"../../../Engine/Content/EngineFonts/Faces/RobotoRegular.ufont" 500
"../../../Engine/Content/EngineFonts/Faces/DroidSansFallback.uasset" 501
"../../../Engine/Content/EngineFonts/Faces/DroidSansFallback.ufont" 502
"../../../Engine/Content/EngineFonts/Faces/DroidSansFallback.uexp" 503
"../../../Engine/Content/EngineFonts/Faces/RobotoItalic.ufont" 504
"../../../Engine/Content/EngineFonts/Faces/RobotoItalic.uasset" 505
"../../../Engine/Content/EngineFonts/Faces/RobotoItalic.uexp" 506
"../../../Engine/Content/EngineFonts/Faces/RobotoBoldItalic.uasset" 507
"../../../Engine/Content/EngineFonts/Faces/RobotoBoldItalic.uexp" 508
"../../../Engine/Content/EngineFonts/Faces/RobotoBoldItalic.ufont" 509
"../../../Engine/Content/EngineFonts/Roboto.uasset" 510
"../../../Engine/Content/EngineFonts/Roboto.uexp" 511
"../../../Engine/Content/EngineDebugMaterials/DebugMeshMaterial.uexp" 512
"../../../Engine/Content/EngineDebugMaterials/DebugMeshMaterial.uasset" 513
"../../../Engine/Content/EngineDebugMaterials/M_SimpleUnlitTranslucent.uexp" 514
"../../../Engine/Content/EngineDebugMaterials/M_SimpleUnlitTranslucent.uasset" 515
"../../../Engine/Content/EngineDebugMaterials/VolumeToRender.uexp" 516
"../../../Engine/Content/EngineDebugMaterials/VolumeToRender.uasset" 517
"../../../Engine/Content/EngineDebugMaterials/M_VolumeRenderSphereTracePP.uexp" 518
"../../../Engine/Content/EngineDebugMaterials/M_VolumeRenderSphereTracePP.uasset" 519
"../../../Engine/Content/EngineDebugMaterials/DebugEditorMaterial.uasset" 520
"../../../Engine/Content/EngineDebugMaterials/DebugEditorMaterial.uexp" 521
"../../../Engine/Content/EngineDamageTypes/DmgTypeBP_Environmental.uasset" 522
"../../../Engine/Content/EngineDamageTypes/DmgTypeBP_Environmental.uexp" 523
"../../../Engine/Content/Functions/Engine_MaterialFunctions01/Texturing/FlattenNormal.uasset" 524
"../../../Engine/Content/Functions/Engine_MaterialFunctions01/Texturing/FlattenNormal.uexp" 525
"../../../Engine/Content/Functions/Engine_MaterialFunctions02/Math/AddComponents.uexp" 526
"../../../Engine/Content/Functions/Engine_MaterialFunctions02/Math/AddComponents.uasset" 527
"../../../Engine/Content/EngineSky/VolumetricClouds/CloudWeatherTexture.uexp" 528
"../../../Engine/Content/EngineSky/VolumetricClouds/CloudWeatherTexture.uasset" 529
"../../../Engine/Content/Functions/Engine_MaterialFunctions02/Utility/MakeFloat2.uexp" 530
"../../../Engine/Content/Functions/Engine_MaterialFunctions02/Utility/MakeFloat2.uasset" 531
"../../../Engine/Content/EngineSky/VolumetricClouds/CloudGradientTexture.uexp" 532
"../../../Engine/Content/EngineSky/VolumetricClouds/CloudGradientTexture.uasset" 533
"../../../Engine/Content/EngineSky/VolumetricClouds/T_NoiseShape64.ubulk" 534
"../../../Engine/Content/EngineSky/VolumetricClouds/T_NoiseShape64.uexp" 535
"../../../Engine/Content/EngineSky/VolumetricClouds/T_NoiseShape64.uasset" 536
"../../../Engine/Content/EngineSky/VolumetricClouds/T_VolumeNoiseShape64.uasset" 537
"../../../Engine/Content/EngineSky/VolumetricClouds/T_VolumeNoiseShape64.uexp" 538
"../../../Engine/Content/EngineSky/VolumetricClouds/T_NoiseErosion.ubulk" 539
"../../../Engine/Content/EngineSky/VolumetricClouds/T_NoiseErosion.uexp" 540
"../../../Engine/Content/EngineSky/VolumetricClouds/T_NoiseErosion.uasset" 541
"../../../Engine/Content/EngineSky/VolumetricClouds/T_VolumeNoiseErosion32.uasset" 542
"../../../Engine/Content/EngineSky/VolumetricClouds/T_VolumeNoiseErosion32.uexp" 543
"../../../Engine/Content/EngineSky/VolumetricClouds/m_SimpleVolumetricCloud.uasset" 544
"../../../Engine/Content/EngineSky/VolumetricClouds/m_SimpleVolumetricCloud.uexp" 545
"../../../Engine/Content/EngineSky/VolumetricClouds/m_SimpleVolumetricCloud_Inst.uexp" 546
"../../../Engine/Content/EngineSky/VolumetricClouds/m_SimpleVolumetricCloud_Inst.uasset" 547
"../../../Engine/Content/EngineResources/FilmGrains/Marcie_Grain_v3_128_M2_000.uexp" 548
"../../../Engine/Content/EngineResources/FilmGrains/Marcie_Grain_v3_128_M2_000.uasset" 549
"../../../Engine/Content/EditorResources/SequenceRecorder/RecordingIndicator.uexp" 550
"../../../Engine/Content/EditorResources/SequenceRecorder/RecordingIndicator.uasset" 551
"../../../Engine/Content/EditorResources/SequenceRecorder/Countdown.uasset" 552
"../../../Engine/Content/EditorResources/SequenceRecorder/Countdown.uexp" 553
"../../../Engine/Content/EditorMaterials/Dataflow/DataflowVertexMaterial.uasset" 554
"../../../Engine/Content/EditorMaterials/Dataflow/DataflowVertexMaterial.uexp" 555
"../../../Engine/Content/Functions/Engine_MaterialFunctions01/Shading/PowerToRoughness.uexp" 556
"../../../Engine/Content/Functions/Engine_MaterialFunctions01/Shading/PowerToRoughness.uasset" 557
"../../../Engine/Content/Functions/Engine_MaterialFunctions01/Shading/ConvertFromDiffSpec.uexp" 558
"../../../Engine/Content/Functions/Engine_MaterialFunctions01/Shading/ConvertFromDiffSpec.uasset" 559
"../../../Engine/Content/EngineMaterials/Substrate/Volume/SubstrateSimpleVolumeEnvLUT3D.uexp" 560
"../../../Engine/Content/EngineMaterials/Substrate/Volume/SubstrateSimpleVolumeEnvLUT3D.uasset" 561
"../../../Engine/Content/EngineMaterials/Substrate/Volume/SubstrateSimpleVolumeLUT3D.uasset" 562
"../../../Engine/Content/EngineMaterials/Substrate/Volume/SubstrateSimpleVolumeLUT3D.uexp" 563
"../../../Engine/Content/EngineMaterials/Substrate/GLints2/AGlintTex2dArray2.uasset" 564
"../../../Engine/Content/EngineMaterials/Substrate/GLints2/AGlintTex2dArray2.uexp" 565
"../../../Engine/Content/EngineMaterials/Substrate/GLints/AGlintTex2dArray.uasset" 566
"../../../Engine/Content/EngineMaterials/Substrate/GLints/AGlintTex2dArray.uexp" 567
"../../../Engine/Content/Maps/Entry_BuiltData.uexp" 568
"../../../Engine/Content/Maps/Entry_BuiltData.uasset" 569
"../../../Engine/Content/Maps/Entry.umap" 570
"../../../Engine/Content/Maps/Entry.uexp" 571
"/Users/daniel/Documents/Unreal Projects/Capstone_UserShip/Content/UserShip_Asset/A-Wing_Color.uexp" 572
"/Users/daniel/Documents/Unreal Projects/Capstone_UserShip/Content/UserShip_Asset/A-Wing_Color.uasset" 573
"../../../Engine/Content/BasicShapes/Cylinder.uasset" 574
"../../../Engine/Content/BasicShapes/Cylinder.uexp" 575
"../../../Engine/Content/BasicShapes/Cube.uasset" 576
"../../../Engine/Content/BasicShapes/Cube.uexp" 577
"/Users/daniel/Documents/Unreal Projects/Capstone_UserShip/Content/UserShip_Projectile/BP_Projectile.uasset" 578
"/Users/daniel/Documents/Unreal Projects/Capstone_UserShip/Content/UserShip_Projectile/BP_Projectile.uexp" 579
"/Users/daniel/Documents/Unreal Projects/Capstone_UserShip/Content/UserShip_Asset/A-Wing_Main.uasset" 580
"/Users/daniel/Documents/Unreal Projects/Capstone_UserShip/Content/UserShip_Asset/A-Wing_Main.uexp" 581
"/Users/daniel/Documents/Unreal Projects/Capstone_UserShip/Content/UserShip_Asset/A-Wing.uexp" 582
"/Users/daniel/Documents/Unreal Projects/Capstone_UserShip/Content/UserShip_Asset/A-Wing.uasset" 583
"/Users/daniel/Documents/Unreal Projects/Capstone_UserShip/Content/SoundEffects/35683__jobro__laser6.uexp" 584
"/Users/daniel/Documents/Unreal Projects/Capstone_UserShip/Content/SoundEffects/35683__jobro__laser6.ubulk" 585
"/Users/daniel/Documents/Unreal Projects/Capstone_UserShip/Content/SoundEffects/35683__jobro__laser6.uasset" 586
"/Users/daniel/Documents/Unreal Projects/Capstone_UserShip/Content/SoundEffects/Laser_Cue.uexp" 587
"/Users/daniel/Documents/Unreal Projects/Capstone_UserShip/Content/SoundEffects/Laser_Cue.uasset" 588
"/Users/daniel/Documents/Unreal Projects/Capstone_UserShip/Content/HandheldAR/D_ARSessionConfig.uexp" 589
"/Users/daniel/Documents/Unreal Projects/Capstone_UserShip/Content/HandheldAR/D_ARSessionConfig.uasset" 590
"../../../Engine/Content/BasicShapes/BasicShapeMaterial.uexp" 591
"../../../Engine/Content/BasicShapes/BasicShapeMaterial.uasset" 592
"/Users/daniel/Documents/Unreal Projects/Capstone_UserShip/Content/UserShip_Asset/UserShip.uasset" 593
"/Users/daniel/Documents/Unreal Projects/Capstone_UserShip/Content/UserShip_Asset/UserShip.uexp" 594
"/Users/daniel/Documents/Unreal Projects/Capstone_UserShip/Content/HandheldAR/Blueprints/GameFramework/BP_ARPlayerController.uasset" 595
"/Users/daniel/Documents/Unreal Projects/Capstone_UserShip/Content/HandheldAR/Blueprints/GameFramework/BP_ARPlayerController.uexp" 596
"/Users/daniel/Documents/Unreal Projects/Capstone_UserShip/Content/HandheldAR/Blueprints/GameFramework/BP_ARGameMode.uexp" 597
"/Users/daniel/Documents/Unreal Projects/Capstone_UserShip/Content/HandheldAR/Blueprints/GameFramework/BP_ARGameMode.uasset" 598
"../../../Engine/Content/MapTemplates/Sky/DaylightAmbientCubemap.uasset" 599
"../../../Engine/Content/MapTemplates/Sky/DaylightAmbientCubemap.uexp" 600
"/Users/daniel/Documents/Unreal Projects/Capstone_UserShip/Content/HandheldAR/Maps/HandheldARBlankMap.uexp" 601
"/Users/daniel/Documents/Unreal Projects/Capstone_UserShip/Content/HandheldAR/Maps/HandheldARBlankMap.umap" 602
